c:\users\natha\onedrive\documents\programming projects\uvsimgui\uvsimgui\debug\vc141.pdb
c:\users\natha\onedrive\documents\programming projects\uvsimgui\uvsimgui\debug\.netframework,version=v4.6.1.assemblyattributes.obj
c:\users\natha\onedrive\documents\programming projects\uvsimgui\uvsimgui\debug\.netframework,version=v4.6.1.assemblyattributes.asm
c:\users\natha\onedrive\documents\programming projects\uvsimgui\uvsimgui\debug\alu.obj
c:\users\natha\onedrive\documents\programming projects\uvsimgui\debug\uvsimgui.exe
c:\users\natha\onedrive\documents\programming projects\uvsimgui\debug\uvsimgui.pdb
c:\users\natha\onedrive\documents\programming projects\uvsimgui\uvsimgui\debug\uvsimgui.myform.resources
c:\users\natha\onedrive\documents\programming projects\uvsimgui\uvsimgui\debug\uvsimgui.vcxproj.generateresource.cache
c:\users\natha\onedrive\documents\programming projects\uvsimgui\uvsimgui\debug\uvsimgui.vcxprojresolveassemblyreference.cache
c:\users\natha\onedrive\documents\programming projects\uvsimgui\uvsimgui\debug\myform.obj
c:\users\natha\onedrive\documents\programming projects\uvsimgui\uvsimgui\debug\uvsimgui.tlog\cl.command.1.tlog
c:\users\natha\onedrive\documents\programming projects\uvsimgui\uvsimgui\debug\uvsimgui.tlog\cl.read.1.tlog
c:\users\natha\onedrive\documents\programming projects\uvsimgui\uvsimgui\debug\uvsimgui.tlog\cl.write.1.tlog
c:\users\natha\onedrive\documents\programming projects\uvsimgui\uvsimgui\debug\uvsimgui.tlog\link.command.1.tlog
c:\users\natha\onedrive\documents\programming projects\uvsimgui\uvsimgui\debug\uvsimgui.tlog\link.read.1.tlog
c:\users\natha\onedrive\documents\programming projects\uvsimgui\uvsimgui\debug\uvsimgui.tlog\link.write.1.tlog
c:\users\natha\onedrive\documents\programming projects\uvsimgui\uvsimgui\debug\uvsimgui.tlog\metagen.read.1.tlog
c:\users\natha\onedrive\documents\programming projects\uvsimgui\uvsimgui\debug\uvsimgui.tlog\metagen.write.1.tlog
c:\users\natha\onedrive\documents\programming projects\uvsimgui\uvsimgui\debug\uvsimgui.tlog\uvsimgui.write.1u.tlog
c:\users\natha\onedrive\documents\programming projects\uvsimgui\uvsimgui\debug\uvsimgui.tlog\tzres.dll.bi
